-------------------------------------------------------------------------------
Test set: TestSuite
-------------------------------------------------------------------------------
Tests run: 4, Failures: 1, Errors: 0, Skipped: 0, Time elapsed: 18.978 s <<< FAILURE! - in TestSuite
SelectTest.selecetFreeTest[Lien / Bond Claim](3)  Time elapsed: 0.043 s  <<< FAILURE!
java.lang.AssertionError: expected object to not be null
	at SelectTest.selecetFreeTest(SelectTest.java:67)

