<?xml version="1.0" encoding="UTF-8" ?>
<testsuite tests="4" failures="1" name="SelectTest" time="2.316" errors="0" skipped="0">
  <properties>
[...]
</properties>
  <testcase classname="SelectTest" name="selecetFreeTest" time="0.163"/>
  <testcase classname="SelectTest" name="selecetFreeTest" time="0.072"/>
  <testcase classname="SelectTest" name="selecetFreeTest" time="2.032">
    <failure message="expected object to not be null" type="java.lang.AssertionError">java.lang.AssertionError: expected object to not be null
	at org.testng.Assert.fail(Assert.java:96)
	at org.testng.Assert.assertNotNull(Assert.java:686)
	at org.testng.Assert.assertNotNull(Assert.java:671)
	at SelectTest.selecetFreeTest(SelectTest.java:66)
</failure>
  </testcase>
  <testcase classname="SelectTest" name="selecetFreeTest" time="0.049"/>
</testsuite>