<?xml version="1.0" encoding="UTF-8"?>
<!-- Generated by org.testng.reporters.JUnitXMLReporter -->
<testsuite ignored="0" hostname="DESKTOP-BA9S0CO" failures="1" tests="4" name="Command line test" time="48.764" errors="0" timestamp="13 Mar 2021 07:24:26 GMT">
  <testcase classname="SelectTest" name="selecetFreeTest" time="0.155"/>
  <testcase classname="SelectTest" name="selecetFreeTest" time="0.072"/>
  <testcase classname="SelectTest" name="selecetFreeTest" time="2.033">
    <failure type="java.lang.AssertionError" message="expected object to not be null">
      <![CDATA[java.lang.AssertionError: expected object to not be null
at SelectTest.selecetFreeTest(SelectTest.java:66)
... Removed 37 stack frames]]>
    </failure>
  </testcase> <!-- selecetFreeTest -->
  <testcase classname="SelectTest" name="selecetFreeTest" time="0.05"/>
</testsuite> <!-- Command line test -->
